0 info it worked if it ends with ok
1 verbose cli [ 'C:\\Program Files (x86)\\nodejs\\\\node.exe',
1 verbose cli   'C:\\Program Files (x86)\\nodejs\\node_modules\\npm\\bin\\npm-cli.js',
1 verbose cli   'publish',
1 verbose cli   './' ]
2 info using npm@2.7.4
3 info using node@v0.12.2
4 verbose node symlink C:\Program Files (x86)\nodejs\\node.exe
5 verbose publish [ './' ]
6 silly cache add args [ './', null ]
7 verbose cache add spec ./
8 silly cache add parsed spec { raw: './',
8 silly cache add   scope: null,
8 silly cache add   name: null,
8 silly cache add   rawSpec: './',
8 silly cache add   spec: 'C:\\Users\\Antoine\\Documents\\GitHub\\ttb-node-hue',
8 silly cache add   type: 'directory' }
9 verbose addLocalDirectory C:\Users\Antoine\AppData\Roaming\npm-cache\ttb-node-hue\0.0.5\package.tgz not in flight; packing
10 verbose tar pack [ 'C:\\Users\\Antoine\\AppData\\Roaming\\npm-cache\\ttb-node-hue\\0.0.5\\package.tgz',
10 verbose tar pack   'C:\\Users\\Antoine\\Documents\\GitHub\\ttb-node-hue' ]
11 verbose tarball C:\Users\Antoine\AppData\Roaming\npm-cache\ttb-node-hue\0.0.5\package.tgz
12 verbose folder C:\Users\Antoine\Documents\GitHub\ttb-node-hue
13 info prepublish ttb-node-hue@0.0.5
14 verbose addLocalTarball adding from inside cache C:\Users\Antoine\AppData\Roaming\npm-cache\ttb-node-hue\0.0.5\package.tgz
15 silly cache afterAdd ttb-node-hue@0.0.5
16 verbose afterAdd C:\Users\Antoine\AppData\Roaming\npm-cache\ttb-node-hue\0.0.5\package\package.json not in flight; writing
17 verbose afterAdd C:\Users\Antoine\AppData\Roaming\npm-cache\ttb-node-hue\0.0.5\package\package.json written
18 silly publish { name: 'ttb-node-hue',
18 silly publish   version: '0.0.5',
18 silly publish   description: 'Hue Nodes for Node Red',
18 silly publish   dependencies: { 'node-hue-api': '1.0.2', chromath: '0.0.6' },
18 silly publish   repository:
18 silly publish    { type: 'git',
18 silly publish      url: 'https://github.com/AntoineLT/ttb-node-hue.git' },
18 silly publish   keywords: [ 'node-red', 'hue' ],
18 silly publish   'node-red': { nodes: { hue: 'hue.js' } },
18 silly publish   author:
18 silly publish    { name: 'Digital Airways',
18 silly publish      url: 'http://www.digitalairways.com/' },
18 silly publish   readme: '# Hue Node for Node RED\r\nControl you Hue Lamps out of Node RED\r\n\r\n> This fork is done to implement the node in [TheThingBox Project](http://thethingbox.io/).\r\n\r\n> Changes include:\r\n> - Support for i18n in Node-RED 0.11.1\r\n> - Utilization of `chromath` module dependency in addition of `node-hue-api` module.\r\n\r\n# Installation\r\nJust install this plugin to your Node Red installation by using npm: "npm install node-red-contrib-hue" in your Node Red root directory\r\n\r\n# Usage\r\nAll you need to know is bundled with the installation: Just drag one of each of the hue nodes into your graph and read the manual displayed. Also no hassle to create a hue-user: just open the dialog, push the button on the bridge, select the hue server (is auto-discovered) and you are good to go.\r\n\r\n# Example\r\n```\r\n[{"id":"1471048e.eb8efb","type":"Hue Set","deviceid":"","serverid":"","name":"Light","x":617,"y":232,"z":"4b831ffc.b47ce","wires":[[],[]]},{"id":"b2faa3bb.4d056","type":"function","name":"","func":"msg.payload={\\n\\t\\t\\t\\"on\\":[true],\\n\\t\\t\\t\\"transitiontime\\":[0],\\n\\t\\t\\t\\"bri\\":[1],\\n\\t\\t\\t\\"rgb\\":[75,75,255]\\n\\t\\t}\\nreturn msg;","outputs":1,"x":380,"y":232,"z":"4b831ffc.b47ce","wires":[["1471048e.eb8efb"]]},{"id":"ba018dd3.45fe7","type":"inject","name":"","topic":"","payload":"","payloadType":"date","repeat":"","crontab":"","once":false,"x":188,"y":232,"z":"4b831ffc.b47ce","wires":[["b2faa3bb.4d056"]]}]\r\n```\r\n\r\n# Screenshots\r\n\r\nExample Flow:\r\n\r\n![Flow](./docs/flow.png)\r\n\r\nDialog:\r\n\r\n![Dialog](./docs/dialog.png)',
18 silly publish   readmeFilename: 'README.md',
18 silly publish   gitHead: 'a454cae1a1576d4d9f6105d04c4ea340189963e4',
18 silly publish   bugs: { url: 'https://github.com/AntoineLT/ttb-node-hue/issues' },
18 silly publish   homepage: 'https://github.com/AntoineLT/ttb-node-hue',
18 silly publish   _id: 'ttb-node-hue@0.0.5',
18 silly publish   scripts: {},
18 silly publish   _shasum: '9750033fcdf4146fdacf9b6e6f0f025b19a90fe3',
18 silly publish   _from: '.' }
19 silly mapToRegistry name ttb-node-hue
20 silly mapToRegistry using default registry
21 silly mapToRegistry registry https://registry.npmjs.org/
22 silly mapToRegistry uri https://registry.npmjs.org/ttb-node-hue
23 verbose publish registryBase https://registry.npmjs.org/
24 silly publish uploading C:\Users\Antoine\AppData\Roaming\npm-cache\ttb-node-hue\0.0.5\package.tgz
25 verbose request uri https://registry.npmjs.org/ttb-node-hue
26 verbose request sending authorization for write operation
27 info attempt registry request try #1 at 15:01:12
28 verbose request using bearer token for auth
29 verbose request id 7ae0ad1b6941532e
30 http request PUT https://registry.npmjs.org/ttb-node-hue
31 http 403 https://registry.npmjs.org/ttb-node-hue
32 verbose headers { 'content-type': 'application/json',
32 verbose headers   'cache-control': 'max-age=60',
32 verbose headers   'content-length': '128',
32 verbose headers   'accept-ranges': 'bytes',
32 verbose headers   date: 'Mon, 14 Sep 2015 13:01:15 GMT',
32 verbose headers   via: '1.1 varnish',
32 verbose headers   connection: 'keep-alive',
32 verbose headers   'x-served-by': 'cache-ams4138-AMS',
32 verbose headers   'x-cache': 'MISS',
32 verbose headers   'x-cache-hits': '0',
32 verbose headers   'x-timer': 'S1442235673.983046,VS0,VE1887' }
33 verbose request invalidating C:\Users\Antoine\AppData\Roaming\npm-cache\registry.npmjs.org\ttb-node-hue on PUT
34 error publish Failed PUT 403
35 verbose stack Error: "You cannot publish over the previously published version 0.0.5. Try bumping the version to 1.0.0" : ttb-node-hue
35 verbose stack     at CachingRegistryClient.<anonymous> (C:\Program Files (x86)\nodejs\node_modules\npm\node_modules\npm-registry-client\lib\request.js:247:14)
35 verbose stack     at Request._callback (C:\Program Files (x86)\nodejs\node_modules\npm\node_modules\npm-registry-client\lib\request.js:170:14)
35 verbose stack     at Request.self.callback (C:\Program Files (x86)\nodejs\node_modules\npm\node_modules\request\request.js:344:22)
35 verbose stack     at Request.emit (events.js:110:17)
35 verbose stack     at Request.<anonymous> (C:\Program Files (x86)\nodejs\node_modules\npm\node_modules\request\request.js:1239:14)
35 verbose stack     at Request.emit (events.js:129:20)
35 verbose stack     at IncomingMessage.<anonymous> (C:\Program Files (x86)\nodejs\node_modules\npm\node_modules\request\request.js:1187:12)
35 verbose stack     at IncomingMessage.emit (events.js:129:20)
35 verbose stack     at _stream_readable.js:908:16
35 verbose stack     at process._tickCallback (node.js:355:11)
36 verbose statusCode 403
37 verbose pkgid ttb-node-hue
38 verbose cwd C:\Users\Antoine\Documents\GitHub\ttb-node-hue
39 error Windows_NT 6.3.9600
40 error argv "C:\\Program Files (x86)\\nodejs\\\\node.exe" "C:\\Program Files (x86)\\nodejs\\node_modules\\npm\\bin\\npm-cli.js" "publish" "./"
41 error node v0.12.2
42 error npm  v2.7.4
43 error code E403
44 error "You cannot publish over the previously published version 0.0.5. Try bumping the version to 1.0.0" : ttb-node-hue
45 error If you need help, you may report this error at:
45 error     <https://github.com/npm/npm/issues>
46 verbose exit [ 1, true ]
